<?xml version="1.0" encoding="UTF-8"?>
<!-- Generated by org.testng.reporters.JUnitReportReporter -->
<testsuite skipped="0" hostname="DESKTOP-5265QK9" name="a1_sampleTest.BingTest" tests="1" failures="0" timestamp="14 Sep 2022 05:48:50 GMT" time="76.320" errors="0">
  <testcase name="validateBing" time="76.320" classname="a1_sampleTest.BingTest"/>
</testsuite> <!-- a1_sampleTest.BingTest -->
